#! /c/Source/iverilog-install/bin/vvp
:ivl_version "12.0 (devel)" "(s20150603-1539-g2693dd32b)";
:ivl_delay_selection "TYPICAL";
:vpi_time_precision - 12;
:vpi_module "C:\iverilog\lib\ivl\system.vpi";
:vpi_module "C:\iverilog\lib\ivl\vhdl_sys.vpi";
:vpi_module "C:\iverilog\lib\ivl\vhdl_textio.vpi";
:vpi_module "C:\iverilog\lib\ivl\v2005_math.vpi";
:vpi_module "C:\iverilog\lib\ivl\va_math.vpi";
S_000001bd860a13a0 .scope module, "TestBench" "TestBench" 2 3;
 .timescale -9 -12;
v000001bd860f5590_0 .net "A", 0 0, L_000001bd860f66e0;  1 drivers
v000001bd860f5130_0 .net "B", 0 0, L_000001bd860f65a0;  1 drivers
v000001bd860f54f0_0 .net "C", 0 0, L_000001bd860f7220;  1 drivers
v000001bd860f5630_0 .net "D", 0 0, L_000001bd860f7040;  1 drivers
v000001bd860f58b0_0 .net "E", 0 0, L_000001bd860f6460;  1 drivers
v000001bd860f59f0_0 .net "F", 0 0, L_000001bd860f6aa0;  1 drivers
v000001bd860f5950_0 .net "G", 0 0, L_000001bd860f74a0;  1 drivers
v000001bd860f5bd0_0 .var "R", 0 0;
v000001bd860f5d10_0 .var "clk_0", 0 0;
E_000001bd8604acf0 .event posedge, v000001bd860085f0_0;
S_000001bd860a1530 .scope module, "DUT0" "EulerTotient" 2 8, 3 1 0, S_000001bd860a13a0;
 .timescale 0 0;
    .port_info 0 /INPUT 1 "R";
    .port_info 1 /INPUT 1 "clk_0";
    .port_info 2 /OUTPUT 1 "A";
    .port_info 3 /OUTPUT 1 "B";
    .port_info 4 /OUTPUT 1 "C";
    .port_info 5 /OUTPUT 1 "D";
    .port_info 6 /OUTPUT 1 "E";
    .port_info 7 /OUTPUT 1 "F";
    .port_info 8 /OUTPUT 1 "G";
L_000001bd860719c0 .functor BUFZ 7, v000001bd86082d80_0, C4<0000000>, C4<0000000>, C4<0000000>;
v000001bd860f5db0_0 .net "A", 0 0, L_000001bd860f66e0;  alias, 1 drivers
v000001bd860f51d0_0 .net "B", 0 0, L_000001bd860f65a0;  alias, 1 drivers
v000001bd860f53b0_0 .net "C", 0 0, L_000001bd860f7220;  alias, 1 drivers
v000001bd860f5c70_0 .net "D", 0 0, L_000001bd860f7040;  alias, 1 drivers
v000001bd860f5450_0 .net "E", 0 0, L_000001bd860f6460;  alias, 1 drivers
v000001bd860f5310_0 .net "F", 0 0, L_000001bd860f6aa0;  alias, 1 drivers
v000001bd860f5b30_0 .net "G", 0 0, L_000001bd860f74a0;  alias, 1 drivers
v000001bd860f5f90_0 .net "R", 0 0, v000001bd860f5bd0_0;  1 drivers
v000001bd860f5a90_0 .net *"_ivl_9", 6 0, L_000001bd860719c0;  1 drivers
v000001bd860f5770_0 .net "clk_0", 0 0, v000001bd860f5d10_0;  1 drivers
v000001bd860f5e50_0 .net "segments", 6 0, v000001bd86082d80_0;  1 drivers
v000001bd860f5810_0 .net "totient_value", 3 0, v000001bd860f5270_0;  1 drivers
L_000001bd860f66e0 .part L_000001bd860719c0, 6, 1;
L_000001bd860f65a0 .part L_000001bd860719c0, 5, 1;
L_000001bd860f7220 .part L_000001bd860719c0, 4, 1;
L_000001bd860f7040 .part L_000001bd860719c0, 3, 1;
L_000001bd860f6460 .part L_000001bd860719c0, 2, 1;
L_000001bd860f6aa0 .part L_000001bd860719c0, 1, 1;
L_000001bd860f74a0 .part L_000001bd860719c0, 0, 1;
S_000001bd8600c800 .scope module, "decoder" "SevenSegDecoder" 3 9, 3 76 0, S_000001bd860a1530;
 .timescale 0 0;
    .port_info 0 /INPUT 4 "input_value";
    .port_info 1 /OUTPUT 7 "segments";
v000001bd860a1110_0 .net "input_value", 3 0, v000001bd860f5270_0;  alias, 1 drivers
v000001bd86082d80_0 .var "segments", 6 0;
E_000001bd8604ad30 .event anyedge, v000001bd860a1110_0;
S_000001bd8600c990 .scope module, "totient" "TotientVal" 3 14, 3 24 0, S_000001bd860a1530;
 .timescale 0 0;
    .port_info 0 /INPUT 1 "clock";
    .port_info 1 /INPUT 1 "reset";
    .port_info 2 /OUTPUT 4 "value";
v000001bd860085f0_0 .net "clock", 0 0, v000001bd860f5d10_0;  alias, 1 drivers
v000001bd8609a500_0 .var "direction", 0 0;
v000001bd860f56d0_0 .var "index", 4 0;
v000001bd860f5090_0 .net "reset", 0 0, v000001bd860f5bd0_0;  alias, 1 drivers
v000001bd860f5ef0 .array "val", 0 15, 3 0;
v000001bd860f5270_0 .var "value", 3 0;
E_000001bd8604b6f0 .event posedge, v000001bd860f5090_0, v000001bd860085f0_0;
    .scope S_000001bd8600c800;
T_0 ;
    %wait E_000001bd8604ad30;
    %load/vec4 v000001bd860a1110_0;
    %dup/vec4;
    %pushi/vec4 1, 0, 4;
    %cmp/u;
    %jmp/1 T_0.0, 6;
    %dup/vec4;
    %pushi/vec4 2, 0, 4;
    %cmp/u;
    %jmp/1 T_0.1, 6;
    %dup/vec4;
    %pushi/vec4 4, 0, 4;
    %cmp/u;
    %jmp/1 T_0.2, 6;
    %dup/vec4;
    %pushi/vec4 6, 0, 4;
    %cmp/u;
    %jmp/1 T_0.3, 6;
    %dup/vec4;
    %pushi/vec4 8, 0, 4;
    %cmp/u;
    %jmp/1 T_0.4, 6;
    %dup/vec4;
    %pushi/vec4 10, 0, 4;
    %cmp/u;
    %jmp/1 T_0.5, 6;
    %dup/vec4;
    %pushi/vec4 12, 0, 4;
    %cmp/u;
    %jmp/1 T_0.6, 6;
    %pushi/vec4 0, 0, 7;
    %store/vec4 v000001bd86082d80_0, 0, 7;
    %jmp T_0.8;
T_0.0 ;
    %pushi/vec4 48, 0, 7;
    %store/vec4 v000001bd86082d80_0, 0, 7;
    %jmp T_0.8;
T_0.1 ;
    %pushi/vec4 109, 0, 7;
    %store/vec4 v000001bd86082d80_0, 0, 7;
    %jmp T_0.8;
T_0.2 ;
    %pushi/vec4 51, 0, 7;
    %store/vec4 v000001bd86082d80_0, 0, 7;
    %jmp T_0.8;
T_0.3 ;
    %pushi/vec4 95, 0, 7;
    %store/vec4 v000001bd86082d80_0, 0, 7;
    %jmp T_0.8;
T_0.4 ;
    %pushi/vec4 127, 0, 7;
    %store/vec4 v000001bd86082d80_0, 0, 7;
    %jmp T_0.8;
T_0.5 ;
    %pushi/vec4 119, 0, 7;
    %store/vec4 v000001bd86082d80_0, 0, 7;
    %jmp T_0.8;
T_0.6 ;
    %pushi/vec4 78, 0, 7;
    %store/vec4 v000001bd86082d80_0, 0, 7;
    %jmp T_0.8;
T_0.8 ;
    %pop/vec4 1;
    %jmp T_0;
    .thread T_0, $push;
    .scope S_000001bd8600c990;
T_1 ;
    %pushi/vec4 1, 0, 5;
    %store/vec4 v000001bd860f56d0_0, 0, 5;
    %pushi/vec4 0, 0, 1;
    %store/vec4 v000001bd8609a500_0, 0, 1;
    %end;
    .thread T_1;
    .scope S_000001bd8600c990;
T_2 ;
    %pushi/vec4 1, 0, 4;
    %ix/load 4, 0, 0;
    %flag_set/imm 4, 0;
    %store/vec4a v000001bd860f5ef0, 4, 0;
    %pushi/vec4 1, 0, 4;
    %ix/load 4, 1, 0;
    %flag_set/imm 4, 0;
    %store/vec4a v000001bd860f5ef0, 4, 0;
    %pushi/vec4 2, 0, 4;
    %ix/load 4, 2, 0;
    %flag_set/imm 4, 0;
    %store/vec4a v000001bd860f5ef0, 4, 0;
    %pushi/vec4 2, 0, 4;
    %ix/load 4, 3, 0;
    %flag_set/imm 4, 0;
    %store/vec4a v000001bd860f5ef0, 4, 0;
    %pushi/vec4 4, 0, 4;
    %ix/load 4, 4, 0;
    %flag_set/imm 4, 0;
    %store/vec4a v000001bd860f5ef0, 4, 0;
    %pushi/vec4 2, 0, 4;
    %ix/load 4, 5, 0;
    %flag_set/imm 4, 0;
    %store/vec4a v000001bd860f5ef0, 4, 0;
    %pushi/vec4 6, 0, 4;
    %ix/load 4, 6, 0;
    %flag_set/imm 4, 0;
    %store/vec4a v000001bd860f5ef0, 4, 0;
    %pushi/vec4 4, 0, 4;
    %ix/load 4, 7, 0;
    %flag_set/imm 4, 0;
    %store/vec4a v000001bd860f5ef0, 4, 0;
    %pushi/vec4 6, 0, 4;
    %ix/load 4, 8, 0;
    %flag_set/imm 4, 0;
    %store/vec4a v000001bd860f5ef0, 4, 0;
    %pushi/vec4 4, 0, 4;
    %ix/load 4, 9, 0;
    %flag_set/imm 4, 0;
    %store/vec4a v000001bd860f5ef0, 4, 0;
    %pushi/vec4 10, 0, 4;
    %ix/load 4, 10, 0;
    %flag_set/imm 4, 0;
    %store/vec4a v000001bd860f5ef0, 4, 0;
    %pushi/vec4 4, 0, 4;
    %ix/load 4, 11, 0;
    %flag_set/imm 4, 0;
    %store/vec4a v000001bd860f5ef0, 4, 0;
    %pushi/vec4 12, 0, 4;
    %ix/load 4, 12, 0;
    %flag_set/imm 4, 0;
    %store/vec4a v000001bd860f5ef0, 4, 0;
    %pushi/vec4 6, 0, 4;
    %ix/load 4, 13, 0;
    %flag_set/imm 4, 0;
    %store/vec4a v000001bd860f5ef0, 4, 0;
    %pushi/vec4 8, 0, 4;
    %ix/load 4, 14, 0;
    %flag_set/imm 4, 0;
    %store/vec4a v000001bd860f5ef0, 4, 0;
    %pushi/vec4 8, 0, 4;
    %ix/load 4, 15, 0;
    %flag_set/imm 4, 0;
    %store/vec4a v000001bd860f5ef0, 4, 0;
    %end;
    .thread T_2;
    .scope S_000001bd8600c990;
T_3 ;
    %wait E_000001bd8604b6f0;
    %load/vec4 v000001bd860f5090_0;
    %flag_set/vec4 8;
    %jmp/0xz  T_3.0, 8;
    %pushi/vec4 1, 0, 5;
    %assign/vec4 v000001bd860f56d0_0, 0;
    %pushi/vec4 0, 0, 1;
    %assign/vec4 v000001bd8609a500_0, 0;
    %jmp T_3.1;
T_3.0 ;
    %load/vec4 v000001bd8609a500_0;
    %pad/u 32;
    %cmpi/e 0, 0, 32;
    %flag_get/vec4 4;
    %jmp/0 T_3.4, 4;
    %load/vec4 v000001bd860f56d0_0;
    %pad/u 32;
    %pushi/vec4 15, 0, 32;
    %cmp/e;
    %flag_get/vec4 4;
    %and;
T_3.4;
    %flag_set/vec4 8;
    %jmp/0 T_3.2, 8;
    %pushi/vec4 15, 0, 5;
    %jmp/1 T_3.3, 8;
T_3.2 ; End of true expr.
    %load/vec4 v000001bd8609a500_0;
    %pad/u 32;
    %cmpi/e 1, 0, 32;
    %flag_get/vec4 4;
    %jmp/0 T_3.7, 4;
    %load/vec4 v000001bd860f56d0_0;
    %pad/u 32;
    %pushi/vec4 0, 0, 32;
    %cmp/e;
    %flag_get/vec4 4;
    %and;
T_3.7;
    %flag_set/vec4 9;
    %jmp/0 T_3.5, 9;
    %pushi/vec4 0, 0, 5;
    %jmp/1 T_3.6, 9;
T_3.5 ; End of true expr.
    %load/vec4 v000001bd8609a500_0;
    %pad/u 32;
    %cmpi/e 0, 0, 32;
    %flag_mov 10, 4;
    %jmp/0 T_3.8, 10;
    %load/vec4 v000001bd860f56d0_0;
    %addi 1, 0, 5;
    %jmp/1 T_3.9, 10;
T_3.8 ; End of true expr.
    %load/vec4 v000001bd860f56d0_0;
    %subi 1, 0, 5;
    %jmp/0 T_3.9, 10;
 ; End of false expr.
    %blend;
T_3.9;
    %jmp/0 T_3.6, 9;
 ; End of false expr.
    %blend;
T_3.6;
    %jmp/0 T_3.3, 8;
 ; End of false expr.
    %blend;
T_3.3;
    %assign/vec4 v000001bd860f56d0_0, 0;
    %load/vec4 v000001bd8609a500_0;
    %pad/u 32;
    %cmpi/e 0, 0, 32;
    %flag_get/vec4 4;
    %jmp/0 T_3.12, 4;
    %load/vec4 v000001bd860f56d0_0;
    %pad/u 32;
    %pushi/vec4 15, 0, 32;
    %cmp/e;
    %flag_get/vec4 4;
    %and;
T_3.12;
    %flag_set/vec4 8;
    %jmp/0 T_3.10, 8;
    %pushi/vec4 1, 0, 2;
    %jmp/1 T_3.11, 8;
T_3.10 ; End of true expr.
    %load/vec4 v000001bd8609a500_0;
    %pad/u 32;
    %cmpi/e 1, 0, 32;
    %flag_get/vec4 4;
    %jmp/0 T_3.15, 4;
    %load/vec4 v000001bd860f56d0_0;
    %pad/u 32;
    %pushi/vec4 0, 0, 32;
    %cmp/e;
    %flag_get/vec4 4;
    %and;
T_3.15;
    %flag_set/vec4 9;
    %jmp/0 T_3.13, 9;
    %pushi/vec4 0, 0, 2;
    %jmp/1 T_3.14, 9;
T_3.13 ; End of true expr.
    %load/vec4 v000001bd8609a500_0;
    %pad/u 2;
    %jmp/0 T_3.14, 9;
 ; End of false expr.
    %blend;
T_3.14;
    %jmp/0 T_3.11, 8;
 ; End of false expr.
    %blend;
T_3.11;
    %pad/u 1;
    %assign/vec4 v000001bd8609a500_0, 0;
T_3.1 ;
    %load/vec4 v000001bd860f56d0_0;
    %pad/u 6;
    %ix/vec4 4;
    %load/vec4a v000001bd860f5ef0, 4;
    %assign/vec4 v000001bd860f5270_0, 0;
    %jmp T_3;
    .thread T_3;
    .scope S_000001bd860a13a0;
T_4 ;
    %pushi/vec4 0, 0, 1;
    %store/vec4 v000001bd860f5d10_0, 0, 1;
T_4.0 ;
    %delay 1000000, 0;
    %load/vec4 v000001bd860f5d10_0;
    %inv;
    %store/vec4 v000001bd860f5d10_0, 0, 1;
    %jmp T_4.0;
    %jmp T_4;
    .thread T_4;
    .scope S_000001bd860a13a0;
T_5 ;
    %wait E_000001bd8604acf0;
    %pushi/vec4 0, 0, 1;
    %store/vec4 v000001bd860f5bd0_0, 0, 1;
    %delay 100000, 0;
    %pushi/vec4 1, 0, 1;
    %store/vec4 v000001bd860f5bd0_0, 0, 1;
    %delay 2000000, 0;
    %vpi_call 2 20 "$display", "R=%b clk_0=%b ABCDEFG = %b%b%b%b%b%b%b", v000001bd860f5bd0_0, v000001bd860f5d10_0, v000001bd860f5590_0, v000001bd860f5130_0, v000001bd860f54f0_0, v000001bd860f5630_0, v000001bd860f58b0_0, v000001bd860f59f0_0, v000001bd860f5950_0, " (One)" {0 0 0};
    %delay 2000000, 0;
    %vpi_call 2 22 "$display", "R=%b clk_0=%b ABCDEFG = %b%b%b%b%b%b%b", v000001bd860f5bd0_0, v000001bd860f5d10_0, v000001bd860f5590_0, v000001bd860f5130_0, v000001bd860f54f0_0, v000001bd860f5630_0, v000001bd860f58b0_0, v000001bd860f59f0_0, v000001bd860f5950_0, " (One)" {0 0 0};
    %delay 2000000, 0;
    %vpi_call 2 26 "$display", "R=%b clk_0=%b ABCDEFG = %b%b%b%b%b%b%b", v000001bd860f5bd0_0, v000001bd860f5d10_0, v000001bd860f5590_0, v000001bd860f5130_0, v000001bd860f54f0_0, v000001bd860f5630_0, v000001bd860f58b0_0, v000001bd860f59f0_0, v000001bd860f5950_0, " (One) >> Starting Pattern" {0 0 0};
    %pushi/vec4 0, 0, 1;
    %store/vec4 v000001bd860f5bd0_0, 0, 1;
    %delay 2000000, 0;
    %vpi_call 2 29 "$display", "R=%b clk_0=%b ABCDEFG = %b%b%b%b%b%b%b", v000001bd860f5bd0_0, v000001bd860f5d10_0, v000001bd860f5590_0, v000001bd860f5130_0, v000001bd860f54f0_0, v000001bd860f5630_0, v000001bd860f58b0_0, v000001bd860f59f0_0, v000001bd860f5950_0, " (One)" {0 0 0};
    %delay 2000000, 0;
    %vpi_call 2 31 "$display", "R=%b clk_0=%b ABCDEFG = %b%b%b%b%b%b%b", v000001bd860f5bd0_0, v000001bd860f5d10_0, v000001bd860f5590_0, v000001bd860f5130_0, v000001bd860f54f0_0, v000001bd860f5630_0, v000001bd860f58b0_0, v000001bd860f59f0_0, v000001bd860f5950_0, " (Two)" {0 0 0};
    %delay 2000000, 0;
    %vpi_call 2 33 "$display", "R=%b clk_0=%b ABCDEFG = %b%b%b%b%b%b%b", v000001bd860f5bd0_0, v000001bd860f5d10_0, v000001bd860f5590_0, v000001bd860f5130_0, v000001bd860f54f0_0, v000001bd860f5630_0, v000001bd860f58b0_0, v000001bd860f59f0_0, v000001bd860f5950_0, " (Two)" {0 0 0};
    %delay 2000000, 0;
    %vpi_call 2 35 "$display", "R=%b clk_0=%b ABCDEFG = %b%b%b%b%b%b%b", v000001bd860f5bd0_0, v000001bd860f5d10_0, v000001bd860f5590_0, v000001bd860f5130_0, v000001bd860f54f0_0, v000001bd860f5630_0, v000001bd860f58b0_0, v000001bd860f59f0_0, v000001bd860f5950_0, " (Four)" {0 0 0};
    %delay 2000000, 0;
    %vpi_call 2 37 "$display", "R=%b clk_0=%b ABCDEFG = %b%b%b%b%b%b%b", v000001bd860f5bd0_0, v000001bd860f5d10_0, v000001bd860f5590_0, v000001bd860f5130_0, v000001bd860f54f0_0, v000001bd860f5630_0, v000001bd860f58b0_0, v000001bd860f59f0_0, v000001bd860f5950_0, " (Two)" {0 0 0};
    %delay 2000000, 0;
    %vpi_call 2 39 "$display", "R=%b clk_0=%b ABCDEFG = %b%b%b%b%b%b%b", v000001bd860f5bd0_0, v000001bd860f5d10_0, v000001bd860f5590_0, v000001bd860f5130_0, v000001bd860f54f0_0, v000001bd860f5630_0, v000001bd860f58b0_0, v000001bd860f59f0_0, v000001bd860f5950_0, " (Six)" {0 0 0};
    %delay 2000000, 0;
    %vpi_call 2 41 "$display", "R=%b clk_0=%b ABCDEFG = %b%b%b%b%b%b%b", v000001bd860f5bd0_0, v000001bd860f5d10_0, v000001bd860f5590_0, v000001bd860f5130_0, v000001bd860f54f0_0, v000001bd860f5630_0, v000001bd860f58b0_0, v000001bd860f59f0_0, v000001bd860f5950_0, " (Four)" {0 0 0};
    %delay 2000000, 0;
    %vpi_call 2 43 "$display", "R=%b clk_0=%b ABCDEFG = %b%b%b%b%b%b%b", v000001bd860f5bd0_0, v000001bd860f5d10_0, v000001bd860f5590_0, v000001bd860f5130_0, v000001bd860f54f0_0, v000001bd860f5630_0, v000001bd860f58b0_0, v000001bd860f59f0_0, v000001bd860f5950_0, " (Six)" {0 0 0};
    %delay 2000000, 0;
    %vpi_call 2 45 "$display", "R=%b clk_0=%b ABCDEFG = %b%b%b%b%b%b%b", v000001bd860f5bd0_0, v000001bd860f5d10_0, v000001bd860f5590_0, v000001bd860f5130_0, v000001bd860f54f0_0, v000001bd860f5630_0, v000001bd860f58b0_0, v000001bd860f59f0_0, v000001bd860f5950_0, " (Four)" {0 0 0};
    %delay 2000000, 0;
    %vpi_call 2 47 "$display", "R=%b clk_0=%b ABCDEFG = %b%b%b%b%b%b%b", v000001bd860f5bd0_0, v000001bd860f5d10_0, v000001bd860f5590_0, v000001bd860f5130_0, v000001bd860f54f0_0, v000001bd860f5630_0, v000001bd860f58b0_0, v000001bd860f59f0_0, v000001bd860f5950_0, " (Ten or A)" {0 0 0};
    %delay 2000000, 0;
    %vpi_call 2 49 "$display", "R=%b clk_0=%b ABCDEFG = %b%b%b%b%b%b%b", v000001bd860f5bd0_0, v000001bd860f5d10_0, v000001bd860f5590_0, v000001bd860f5130_0, v000001bd860f54f0_0, v000001bd860f5630_0, v000001bd860f58b0_0, v000001bd860f59f0_0, v000001bd860f5950_0, " (Four)" {0 0 0};
    %delay 2000000, 0;
    %vpi_call 2 51 "$display", "R=%b clk_0=%b ABCDEFG = %b%b%b%b%b%b%b", v000001bd860f5bd0_0, v000001bd860f5d10_0, v000001bd860f5590_0, v000001bd860f5130_0, v000001bd860f54f0_0, v000001bd860f5630_0, v000001bd860f58b0_0, v000001bd860f59f0_0, v000001bd860f5950_0, " (Twelve or C)" {0 0 0};
    %delay 2000000, 0;
    %vpi_call 2 53 "$display", "R=%b clk_0=%b ABCDEFG = %b%b%b%b%b%b%b", v000001bd860f5bd0_0, v000001bd860f5d10_0, v000001bd860f5590_0, v000001bd860f5130_0, v000001bd860f54f0_0, v000001bd860f5630_0, v000001bd860f58b0_0, v000001bd860f59f0_0, v000001bd860f5950_0, " (Six)" {0 0 0};
    %delay 2000000, 0;
    %vpi_call 2 55 "$display", "R=%b clk_0=%b ABCDEFG = %b%b%b%b%b%b%b", v000001bd860f5bd0_0, v000001bd860f5d10_0, v000001bd860f5590_0, v000001bd860f5130_0, v000001bd860f54f0_0, v000001bd860f5630_0, v000001bd860f58b0_0, v000001bd860f59f0_0, v000001bd860f5950_0, " (Eight)" {0 0 0};
    %delay 2000000, 0;
    %vpi_call 2 57 "$display", "R=%b clk_0=%b ABCDEFG = %b%b%b%b%b%b%b", v000001bd860f5bd0_0, v000001bd860f5d10_0, v000001bd860f5590_0, v000001bd860f5130_0, v000001bd860f54f0_0, v000001bd860f5630_0, v000001bd860f58b0_0, v000001bd860f59f0_0, v000001bd860f5950_0, " (Eight) >> Ending Pattern" {0 0 0};
    %delay 2000000, 0;
    %vpi_call 2 61 "$display", "R=%b clk_0=%b ABCDEFG = %b%b%b%b%b%b%b", v000001bd860f5bd0_0, v000001bd860f5d10_0, v000001bd860f5590_0, v000001bd860f5130_0, v000001bd860f54f0_0, v000001bd860f5630_0, v000001bd860f58b0_0, v000001bd860f59f0_0, v000001bd860f5950_0, " (Eight) >> Starting Pattern" {0 0 0};
    %delay 2000000, 0;
    %vpi_call 2 63 "$display", "R=%b clk_0=%b ABCDEFG = %b%b%b%b%b%b%b", v000001bd860f5bd0_0, v000001bd860f5d10_0, v000001bd860f5590_0, v000001bd860f5130_0, v000001bd860f54f0_0, v000001bd860f5630_0, v000001bd860f58b0_0, v000001bd860f59f0_0, v000001bd860f5950_0, " (Eight)" {0 0 0};
    %delay 2000000, 0;
    %vpi_call 2 65 "$display", "R=%b clk_0=%b ABCDEFG = %b%b%b%b%b%b%b", v000001bd860f5bd0_0, v000001bd860f5d10_0, v000001bd860f5590_0, v000001bd860f5130_0, v000001bd860f54f0_0, v000001bd860f5630_0, v000001bd860f58b0_0, v000001bd860f59f0_0, v000001bd860f5950_0, " (Six)" {0 0 0};
    %delay 2000000, 0;
    %vpi_call 2 67 "$display", "R=%b clk_0=%b ABCDEFG = %b%b%b%b%b%b%b", v000001bd860f5bd0_0, v000001bd860f5d10_0, v000001bd860f5590_0, v000001bd860f5130_0, v000001bd860f54f0_0, v000001bd860f5630_0, v000001bd860f58b0_0, v000001bd860f59f0_0, v000001bd860f5950_0, " (Twelve or C)" {0 0 0};
    %delay 2000000, 0;
    %vpi_call 2 69 "$display", "R=%b clk_0=%b ABCDEFG = %b%b%b%b%b%b%b", v000001bd860f5bd0_0, v000001bd860f5d10_0, v000001bd860f5590_0, v000001bd860f5130_0, v000001bd860f54f0_0, v000001bd860f5630_0, v000001bd860f58b0_0, v000001bd860f59f0_0, v000001bd860f5950_0, " (Four)" {0 0 0};
    %delay 2000000, 0;
    %vpi_call 2 71 "$display", "R=%b clk_0=%b ABCDEFG = %b%b%b%b%b%b%b", v000001bd860f5bd0_0, v000001bd860f5d10_0, v000001bd860f5590_0, v000001bd860f5130_0, v000001bd860f54f0_0, v000001bd860f5630_0, v000001bd860f58b0_0, v000001bd860f59f0_0, v000001bd860f5950_0, " (Ten or A)" {0 0 0};
    %delay 2000000, 0;
    %vpi_call 2 73 "$display", "R=%b clk_0=%b ABCDEFG = %b%b%b%b%b%b%b", v000001bd860f5bd0_0, v000001bd860f5d10_0, v000001bd860f5590_0, v000001bd860f5130_0, v000001bd860f54f0_0, v000001bd860f5630_0, v000001bd860f58b0_0, v000001bd860f59f0_0, v000001bd860f5950_0, " (Four)" {0 0 0};
    %delay 2000000, 0;
    %vpi_call 2 75 "$display", "R=%b clk_0=%b ABCDEFG = %b%b%b%b%b%b%b", v000001bd860f5bd0_0, v000001bd860f5d10_0, v000001bd860f5590_0, v000001bd860f5130_0, v000001bd860f54f0_0, v000001bd860f5630_0, v000001bd860f58b0_0, v000001bd860f59f0_0, v000001bd860f5950_0, " (Six)" {0 0 0};
    %delay 2000000, 0;
    %vpi_call 2 77 "$display", "R=%b clk_0=%b ABCDEFG = %b%b%b%b%b%b%b", v000001bd860f5bd0_0, v000001bd860f5d10_0, v000001bd860f5590_0, v000001bd860f5130_0, v000001bd860f54f0_0, v000001bd860f5630_0, v000001bd860f58b0_0, v000001bd860f59f0_0, v000001bd860f5950_0, " (Four)" {0 0 0};
    %delay 2000000, 0;
    %vpi_call 2 79 "$display", "R=%b clk_0=%b ABCDEFG = %b%b%b%b%b%b%b", v000001bd860f5bd0_0, v000001bd860f5d10_0, v000001bd860f5590_0, v000001bd860f5130_0, v000001bd860f54f0_0, v000001bd860f5630_0, v000001bd860f58b0_0, v000001bd860f59f0_0, v000001bd860f5950_0, " (Six)" {0 0 0};
    %delay 2000000, 0;
    %vpi_call 2 81 "$display", "R=%b clk_0=%b ABCDEFG = %b%b%b%b%b%b%b", v000001bd860f5bd0_0, v000001bd860f5d10_0, v000001bd860f5590_0, v000001bd860f5130_0, v000001bd860f54f0_0, v000001bd860f5630_0, v000001bd860f58b0_0, v000001bd860f59f0_0, v000001bd860f5950_0, " (Two)" {0 0 0};
    %delay 2000000, 0;
    %vpi_call 2 83 "$display", "R=%b clk_0=%b ABCDEFG = %b%b%b%b%b%b%b", v000001bd860f5bd0_0, v000001bd860f5d10_0, v000001bd860f5590_0, v000001bd860f5130_0, v000001bd860f54f0_0, v000001bd860f5630_0, v000001bd860f58b0_0, v000001bd860f59f0_0, v000001bd860f5950_0, " (Four)" {0 0 0};
    %delay 2000000, 0;
    %vpi_call 2 85 "$display", "R=%b clk_0=%b ABCDEFG = %b%b%b%b%b%b%b", v000001bd860f5bd0_0, v000001bd860f5d10_0, v000001bd860f5590_0, v000001bd860f5130_0, v000001bd860f54f0_0, v000001bd860f5630_0, v000001bd860f58b0_0, v000001bd860f59f0_0, v000001bd860f5950_0, " (Two)" {0 0 0};
    %delay 2000000, 0;
    %vpi_call 2 87 "$display", "R=%b clk_0=%b ABCDEFG = %b%b%b%b%b%b%b", v000001bd860f5bd0_0, v000001bd860f5d10_0, v000001bd860f5590_0, v000001bd860f5130_0, v000001bd860f54f0_0, v000001bd860f5630_0, v000001bd860f58b0_0, v000001bd860f59f0_0, v000001bd860f5950_0, " (Two)" {0 0 0};
    %delay 2000000, 0;
    %vpi_call 2 89 "$display", "R=%b clk_0=%b ABCDEFG = %b%b%b%b%b%b%b", v000001bd860f5bd0_0, v000001bd860f5d10_0, v000001bd860f5590_0, v000001bd860f5130_0, v000001bd860f54f0_0, v000001bd860f5630_0, v000001bd860f58b0_0, v000001bd860f59f0_0, v000001bd860f5950_0, " (One)" {0 0 0};
    %delay 2000000, 0;
    %vpi_call 2 91 "$display", "R=%b clk_0=%b ABCDEFG = %b%b%b%b%b%b%b", v000001bd860f5bd0_0, v000001bd860f5d10_0, v000001bd860f5590_0, v000001bd860f5130_0, v000001bd860f54f0_0, v000001bd860f5630_0, v000001bd860f58b0_0, v000001bd860f59f0_0, v000001bd860f5950_0, " (One) >> Ending Pattern" {0 0 0};
    %delay 2000000, 0;
    %vpi_call 2 95 "$display", "R=%b clk_0=%b ABCDEFG = %b%b%b%b%b%b%b", v000001bd860f5bd0_0, v000001bd860f5d10_0, v000001bd860f5590_0, v000001bd860f5130_0, v000001bd860f54f0_0, v000001bd860f5630_0, v000001bd860f58b0_0, v000001bd860f59f0_0, v000001bd860f5950_0, " (One) >> Starting Pattern" {0 0 0};
    %pushi/vec4 0, 0, 1;
    %store/vec4 v000001bd860f5bd0_0, 0, 1;
    %delay 2000000, 0;
    %vpi_call 2 98 "$display", "R=%b clk_0=%b ABCDEFG = %b%b%b%b%b%b%b", v000001bd860f5bd0_0, v000001bd860f5d10_0, v000001bd860f5590_0, v000001bd860f5130_0, v000001bd860f54f0_0, v000001bd860f5630_0, v000001bd860f58b0_0, v000001bd860f59f0_0, v000001bd860f5950_0, " (One)" {0 0 0};
    %delay 2000000, 0;
    %vpi_call 2 100 "$display", "R=%b clk_0=%b ABCDEFG = %b%b%b%b%b%b%b", v000001bd860f5bd0_0, v000001bd860f5d10_0, v000001bd860f5590_0, v000001bd860f5130_0, v000001bd860f54f0_0, v000001bd860f5630_0, v000001bd860f58b0_0, v000001bd860f59f0_0, v000001bd860f5950_0, " (Two)" {0 0 0};
    %delay 2000000, 0;
    %vpi_call 2 102 "$display", "R=%b clk_0=%b ABCDEFG = %b%b%b%b%b%b%b", v000001bd860f5bd0_0, v000001bd860f5d10_0, v000001bd860f5590_0, v000001bd860f5130_0, v000001bd860f54f0_0, v000001bd860f5630_0, v000001bd860f58b0_0, v000001bd860f59f0_0, v000001bd860f5950_0, " (Two)" {0 0 0};
    %delay 2000000, 0;
    %vpi_call 2 104 "$display", "R=%b clk_0=%b ABCDEFG = %b%b%b%b%b%b%b", v000001bd860f5bd0_0, v000001bd860f5d10_0, v000001bd860f5590_0, v000001bd860f5130_0, v000001bd860f54f0_0, v000001bd860f5630_0, v000001bd860f58b0_0, v000001bd860f59f0_0, v000001bd860f5950_0, " (Four)" {0 0 0};
    %delay 2000000, 0;
    %vpi_call 2 106 "$display", "R=%b clk_0=%b ABCDEFG = %b%b%b%b%b%b%b", v000001bd860f5bd0_0, v000001bd860f5d10_0, v000001bd860f5590_0, v000001bd860f5130_0, v000001bd860f54f0_0, v000001bd860f5630_0, v000001bd860f58b0_0, v000001bd860f59f0_0, v000001bd860f5950_0, " (Two)" {0 0 0};
    %delay 2000000, 0;
    %vpi_call 2 108 "$display", "R=%b clk_0=%b ABCDEFG = %b%b%b%b%b%b%b", v000001bd860f5bd0_0, v000001bd860f5d10_0, v000001bd860f5590_0, v000001bd860f5130_0, v000001bd860f54f0_0, v000001bd860f5630_0, v000001bd860f58b0_0, v000001bd860f59f0_0, v000001bd860f5950_0, " (Six)" {0 0 0};
    %delay 2000000, 0;
    %vpi_call 2 110 "$display", "R=%b clk_0=%b ABCDEFG = %b%b%b%b%b%b%b", v000001bd860f5bd0_0, v000001bd860f5d10_0, v000001bd860f5590_0, v000001bd860f5130_0, v000001bd860f54f0_0, v000001bd860f5630_0, v000001bd860f58b0_0, v000001bd860f59f0_0, v000001bd860f5950_0, " (Four)" {0 0 0};
    %delay 2000000, 0;
    %vpi_call 2 112 "$display", "R=%b clk_0=%b ABCDEFG = %b%b%b%b%b%b%b", v000001bd860f5bd0_0, v000001bd860f5d10_0, v000001bd860f5590_0, v000001bd860f5130_0, v000001bd860f54f0_0, v000001bd860f5630_0, v000001bd860f58b0_0, v000001bd860f59f0_0, v000001bd860f5950_0, " (Six)" {0 0 0};
    %delay 2000000, 0;
    %vpi_call 2 114 "$display", "R=%b clk_0=%b ABCDEFG = %b%b%b%b%b%b%b", v000001bd860f5bd0_0, v000001bd860f5d10_0, v000001bd860f5590_0, v000001bd860f5130_0, v000001bd860f54f0_0, v000001bd860f5630_0, v000001bd860f58b0_0, v000001bd860f59f0_0, v000001bd860f5950_0, " (Four)" {0 0 0};
    %delay 2000000, 0;
    %vpi_call 2 116 "$display", "R=%b clk_0=%b ABCDEFG = %b%b%b%b%b%b%b", v000001bd860f5bd0_0, v000001bd860f5d10_0, v000001bd860f5590_0, v000001bd860f5130_0, v000001bd860f54f0_0, v000001bd860f5630_0, v000001bd860f58b0_0, v000001bd860f59f0_0, v000001bd860f5950_0, " (Ten or A)" {0 0 0};
    %delay 2000000, 0;
    %vpi_call 2 118 "$display", "R=%b clk_0=%b ABCDEFG = %b%b%b%b%b%b%b", v000001bd860f5bd0_0, v000001bd860f5d10_0, v000001bd860f5590_0, v000001bd860f5130_0, v000001bd860f54f0_0, v000001bd860f5630_0, v000001bd860f58b0_0, v000001bd860f59f0_0, v000001bd860f5950_0, " (Four)" {0 0 0};
    %delay 2000000, 0;
    %vpi_call 2 120 "$display", "R=%b clk_0=%b ABCDEFG = %b%b%b%b%b%b%b", v000001bd860f5bd0_0, v000001bd860f5d10_0, v000001bd860f5590_0, v000001bd860f5130_0, v000001bd860f54f0_0, v000001bd860f5630_0, v000001bd860f58b0_0, v000001bd860f59f0_0, v000001bd860f5950_0, " (Twelve or C)" {0 0 0};
    %delay 2000000, 0;
    %vpi_call 2 122 "$display", "R=%b clk_0=%b ABCDEFG = %b%b%b%b%b%b%b", v000001bd860f5bd0_0, v000001bd860f5d10_0, v000001bd860f5590_0, v000001bd860f5130_0, v000001bd860f54f0_0, v000001bd860f5630_0, v000001bd860f58b0_0, v000001bd860f59f0_0, v000001bd860f5950_0, " (Six)" {0 0 0};
    %delay 2000000, 0;
    %vpi_call 2 124 "$display", "R=%b clk_0=%b ABCDEFG = %b%b%b%b%b%b%b", v000001bd860f5bd0_0, v000001bd860f5d10_0, v000001bd860f5590_0, v000001bd860f5130_0, v000001bd860f54f0_0, v000001bd860f5630_0, v000001bd860f58b0_0, v000001bd860f59f0_0, v000001bd860f5950_0, " (Eight)" {0 0 0};
    %delay 2000000, 0;
    %vpi_call 2 126 "$display", "R=%b clk_0=%b ABCDEFG = %b%b%b%b%b%b%b", v000001bd860f5bd0_0, v000001bd860f5d10_0, v000001bd860f5590_0, v000001bd860f5130_0, v000001bd860f54f0_0, v000001bd860f5630_0, v000001bd860f58b0_0, v000001bd860f59f0_0, v000001bd860f5950_0, " (Eight) >> Ending Pattern" {0 0 0};
    %vpi_call 2 127 "$finish" {0 0 0};
    %jmp T_5;
    .thread T_5;
# The file index is used to find the file name in the following table.
:file_names 4;
    "N/A";
    "<interactive>";
    "TestBench.v";
    "EulerTotient.v";
